<?xml version="1.0" encoding="UTF-8"?>
<!-- Generated by org.testng.reporters.JUnitReportReporter -->
<testsuite hostname="DESKTOP-77283GN" failures="0" tests="5" name="CucumberOption.TestRunner" time="101.193" errors="0" timestamp="2023-02-11T11:03:02 IST" skipped="0">
  <testcase classname="CucumberOption.TestRunner" name="runScenario" time="21.017"/>
  <system-out/>
  <testcase classname="CucumberOption.TestRunner" name="runScenario" time="23.347"/>
  <system-out/>
  <testcase classname="CucumberOption.TestRunner" name="runScenario" time="18.494"/>
  <system-out/>
  <testcase classname="CucumberOption.TestRunner" name="runScenario" time="16.590"/>
  <system-out/>
  <testcase classname="CucumberOption.TestRunner" name="runScenario" time="21.745"/>
  <system-out/>
</testsuite> <!-- CucumberOption.TestRunner -->
